Microsoft HTML Help Compiler 4.74.8702

正在编译 f:\我的文档\我的代码\Mir2\GameOfMir\帮助文档\help1.chm


编译时间: 0 分钟, 2 秒
10	个主题
78	个本地链接
0	个 Internet 链接
4	个图形


创建 f:\我的文档\我的代码\Mir2\GameOfMir\帮助文档\help1.chm, 30,894 字节
压缩 减少 文件 9,734 字节
Microsoft HTML Help Compiler 4.74.8702

正在编译 f:\我的文档\我的代码\Mir2\GameOfMir\帮助文档\help1.chm


编译时间: 0 分钟, 1 秒
10	个主题
78	个本地链接
0	个 Internet 链接
4	个图形


创建 f:\我的文档\我的代码\Mir2\GameOfMir\帮助文档\help1.chm, 31,084 字节
压缩 减少 文件 9,805 字节
Microsoft HTML Help Compiler 4.74.8702

正在编译 f:\我的文档\我的代码\Mir2\GameOfMir\帮助文档\help1.chm


编译时间: 0 分钟, 2 秒
10	个主题
78	个本地链接
0	个 Internet 链接
4	个图形


创建 f:\我的文档\我的代码\Mir2\GameOfMir\帮助文档\help1.chm, 31,090 字节
压缩 减少 文件 9,798 字节
Microsoft HTML Help Compiler 4.74.8702

正在编译 f:\我的文档\我的代码\Mir2\GameOfMir\帮助文档\help1.chm


编译时间: 0 分钟, 2 秒
10	个主题
78	个本地链接
0	个 Internet 链接
4	个图形


创建 f:\我的文档\我的代码\Mir2\GameOfMir\帮助文档\help1.chm, 31,120 字节
压缩 减少 文件 9,830 字节
Microsoft HTML Help Compiler 4.74.8702

正在编译 f:\我的文档\我的代码\Mir2\GameOfMir\帮助文档\help1.chm


编译时间: 0 分钟, 2 秒
10	个主题
78	个本地链接
0	个 Internet 链接
4	个图形


创建 f:\我的文档\我的代码\Mir2\GameOfMir\帮助文档\help1.chm, 32,052 字节
压缩 减少 文件 9,926 字节
Microsoft HTML Help Compiler 4.74.8702

正在编译 f:\我的文档\我的代码\Mir2\GameOfMir\帮助文档\help1.chm


编译时间: 0 分钟, 1 秒
10	个主题
78	个本地链接
0	个 Internet 链接
4	个图形


创建 f:\我的文档\我的代码\Mir2\GameOfMir\帮助文档\help1.chm, 32,052 字节
压缩 减少 文件 9,926 字节
Microsoft HTML Help Compiler 4.74.8702

正在编译 f:\我的文档\我的代码\Mir2\GameOfMir\帮助文档\help1.chm


编译时间: 0 分钟, 2 秒
10	个主题
78	个本地链接
0	个 Internet 链接
4	个图形


创建 f:\我的文档\我的代码\Mir2\GameOfMir\帮助文档\help1.chm, 32,162 字节
压缩 减少 文件 9,903 字节
Microsoft HTML Help Compiler 4.74.8702

正在编译 f:\我的文档\我的代码\Mir2\GameOfMir\帮助文档\help1.chm


编译时间: 0 分钟, 2 秒
10	个主题
78	个本地链接
0	个 Internet 链接
4	个图形


创建 f:\我的文档\我的代码\Mir2\GameOfMir\帮助文档\help1.chm, 32,228 字节
压缩 减少 文件 9,878 字节
Microsoft HTML Help Compiler 4.74.8702

正在编译 f:\我的文档\我的代码\Mir2\GameOfMir\帮助文档\help1.chm


编译时间: 0 分钟, 1 秒
10	个主题
78	个本地链接
0	个 Internet 链接
5	个图形


创建 f:\我的文档\我的代码\Mir2\GameOfMir\帮助文档\help1.chm, 37,970 字节
压缩 减少 文件 10,035 字节
Microsoft HTML Help Compiler 4.74.8702

正在编译 f:\我的文档\我的代码\Mir2\GameOfMir\帮助文档\help1.chm


编译时间: 0 分钟, 1 秒
10	个主题
78	个本地链接
0	个 Internet 链接
5	个图形


创建 f:\我的文档\我的代码\Mir2\GameOfMir\帮助文档\help1.chm, 37,970 字节
压缩 减少 文件 10,035 字节
Microsoft HTML Help Compiler 4.74.8702

正在编译 f:\我的文档\我的代码\Mir2\GameOfMir\帮助文档\help1.chm


编译时间: 0 分钟, 1 秒
10	个主题
55	个本地链接
0	个 Internet 链接
5	个图形


创建 f:\我的文档\我的代码\Mir2\GameOfMir\帮助文档\help1.chm, 36,820 字节
压缩 减少 文件 2,981 字节
Microsoft HTML Help Compiler 4.74.8702

正在编译 f:\我的文档\我的代码\Mir2\GameOfMir\帮助文档\help1.chm


编译时间: 0 分钟, 2 秒
10	个主题
56	个本地链接
0	个 Internet 链接
5	个图形


创建 f:\我的文档\我的代码\Mir2\GameOfMir\帮助文档\help1.chm, 36,894 字节
压缩 减少 文件 3,022 字节
Microsoft HTML Help Compiler 4.74.8702

正在编译 f:\我的文档\我的代码\Mir2\GameOfMir\帮助文档\help1.chm


编译时间: 0 分钟, 2 秒
10	个主题
58	个本地链接
0	个 Internet 链接
5	个图形


创建 f:\我的文档\我的代码\Mir2\GameOfMir\帮助文档\help1.chm, 36,946 字节
压缩 减少 文件 3,215 字节
Microsoft HTML Help Compiler 4.74.8702

正在编译 f:\我的文档\我的代码\Mir2\GameOfMir\帮助文档\help1.chm


编译时间: 0 分钟, 1 秒
10	个主题
58	个本地链接
0	个 Internet 链接
5	个图形


创建 f:\我的文档\我的代码\Mir2\GameOfMir\帮助文档\help1.chm, 37,182 字节
压缩 减少 文件 3,103 字节
Microsoft HTML Help Compiler 4.74.8702

正在编译 f:\我的文档\我的代码\Mir2\GameOfMir\帮助文档\help1.chm


编译时间: 0 分钟, 2 秒
10	个主题
58	个本地链接
0	个 Internet 链接
5	个图形


创建 f:\我的文档\我的代码\Mir2\GameOfMir\帮助文档\help1.chm, 37,330 字节
压缩 减少 文件 3,138 字节
Microsoft HTML Help Compiler 4.74.8702

正在编译 f:\我的文档\我的代码\Mir2\GameOfMir\帮助文档\help1.chm


编译时间: 0 分钟, 1 秒
10	个主题
58	个本地链接
0	个 Internet 链接
5	个图形


创建 f:\我的文档\我的代码\Mir2\GameOfMir\帮助文档\help1.chm, 37,422 字节
压缩 减少 文件 3,132 字节
Microsoft HTML Help Compiler 4.74.8702

正在编译 f:\我的文档\我的代码\Mir2\GameOfMir\帮助文档\help1.chm


编译时间: 0 分钟, 2 秒
10	个主题
58	个本地链接
0	个 Internet 链接
5	个图形


创建 f:\我的文档\我的代码\Mir2\GameOfMir\帮助文档\help1.chm, 37,822 字节
压缩 减少 文件 3,659 字节
